<?xml version="1.0" encoding="UTF-8"?>
<coverage generated="1776832193195" clover="3.2.0">
  <project timestamp="1776832193195" name="All files">
    <metrics statements="10" coveredstatements="9" conditionals="9" coveredconditionals="7" methods="1" coveredmethods="1" elements="20" coveredelements="17" complexity="0" loc="10" ncloc="10" packages="1" files="1" classes="1"/>
    <file name="deep_clone.js" path="C:\Users\Administrator\Desktop\work\APP\learn\JS\用法\深拷贝\npm\src\common\deep_clone.js">
      <metrics statements="10" coveredstatements="9" conditionals="9" coveredconditionals="7" methods="1" coveredmethods="1"/>
      <line num="8" count="4" type="cond" truecount="5" falsecount="0"/>
      <line num="9" count="2" type="stmt"/>
      <line num="11" count="2" type="stmt"/>
      <line num="12" count="2" type="cond" truecount="1" falsecount="1"/>
      <line num="13" count="0" type="stmt"/>
      <line num="15" count="2" type="stmt"/>
      <line num="17" count="3" type="cond" truecount="1" falsecount="1"/>
      <line num="18" count="3" type="stmt"/>
      <line num="21" count="2" type="stmt"/>
      <line num="24" count="1" type="stmt"/>
    </file>
  </project>
</coverage>
